<?xml version="1.0" encoding="UTF-8"?>
<!-- Generated by org.testng.reporters.JUnitXMLReporter -->
<testsuite ignored="0" hostname="DESKTOP-KT46ULE" failures="0" tests="3" name="Test" time="0.06" errors="0" timestamp="2025-10-07T11:40:16 IST">
  <testcase classname="maven.MavenTest" name="practiceMavenTest" time="0.01"/>
  <testcase classname="jenkins.JenkinsTest" name="praticeJenkinTest" time="0.002"/>
  <testcase classname="github.GithubTest" name="praticeGithubTest" time="0.001"/>
</testsuite> <!-- Test -->
